2026-05-15 18:40:04,739 - Pipeline started
2026-05-15 18:40:04,739 - Starting Extract...
2026-05-15 18:40:20,170 - Extract complete
2026-05-15 18:40:20,171 - Starting Transform...
2026-05-15 18:40:20,526 - Transform complete
2026-05-15 18:40:20,527 - Starting Load...
2026-05-15 18:40:21,632 - Load complete
2026-05-15 18:40:21,632 - Pipeline completed successfully
2026-05-28 19:01:18,379 - Pipeline started
2026-05-28 19:01:18,379 - Starting Extract...
2026-05-28 19:01:26,303 - Extract complete
2026-05-28 19:01:26,304 - Starting Transform...
2026-05-28 19:01:26,640 - Transform complete
2026-05-28 19:01:26,640 - Starting Load...
2026-05-28 19:01:27,333 - Load complete
2026-05-28 19:01:27,333 - Pipeline completed successfully
2026-05-30 00:42:36,258 - Pipeline started
2026-05-30 00:42:36,258 - Starting Extract...
2026-05-30 00:42:42,338 - Extract complete
2026-05-30 00:42:42,338 - Starting Transform...
2026-05-30 00:42:42,690 - Transform complete
2026-05-30 00:42:42,690 - Starting Load...
2026-05-30 00:42:43,384 - Load complete
2026-05-30 00:42:43,384 - Pipeline completed successfully
